E:\GSMWIN\GSMWIN\DEBUG\GAMESTATEMANAGER.OBJ
E:\GSMWIN\GSMWIN\DEBUG\LEVEL2.OBJ
E:\GSMWIN\GSMWIN\DEBUG\VC110.PDB
E:\GSMWIN\GSMWIN\DEBUG\INPUT.OBJ
E:\GSMWIN\GSMWIN\DEBUG\LEVEL1.OBJ
E:\GSMWIN\GSMWIN\DEBUG\SYSTEM.OBJ
E:\GSMWIN\GSMWIN\DEBUG\MAIN.OBJ
E:\GSMWIN\DEBUG\GSMWIN.ILK
E:\GSMWIN\DEBUG\GSMWIN.EXE
E:\GSMWIN\DEBUG\GSMWIN.PDB
E:\GSMWin\GSMWin\Debug\GameStateManager.obj
E:\GSMWin\GSMWin\Debug\Input.obj
E:\GSMWin\GSMWin\Debug\Level1.obj
E:\GSMWin\GSMWin\Debug\Level2.obj
E:\GSMWin\GSMWin\Debug\main.obj
E:\GSMWin\GSMWin\Debug\System.obj
E:\GSMWin\GSMWin\Debug\cl.command.1.tlog
E:\GSMWin\GSMWin\Debug\CL.read.1.tlog
E:\GSMWin\GSMWin\Debug\CL.write.1.tlog
E:\GSMWin\GSMWin\Debug\link-cvtres.read.1.tlog
E:\GSMWin\GSMWin\Debug\link-cvtres.write.1.tlog
E:\GSMWin\GSMWin\Debug\link-rc.read.1.tlog
E:\GSMWin\GSMWin\Debug\link-rc.write.1.tlog
E:\GSMWin\GSMWin\Debug\link.command.1.tlog
E:\GSMWin\GSMWin\Debug\link.read.1.tlog
E:\GSMWin\GSMWin\Debug\link.write.1.tlog
E:\GSMWin\GSMWin\Debug\vc110.idb
E:\GSMWin\GSMWin\Debug\vc110.pdb
E:\GSMWin\Debug\GSMWin.pdb
E:\GSMWin\Debug\GSMWin.exe
E:\GSMWin\Debug\GSMWin.ilk
