生成启动时间为 2015/9/22 11:24:38。
     1>项目“E:\GSMWin\GSMWin\GSMWin.vcxproj”在节点 2 上(Build 个目标)。
     1>InitializeBuildStatus:
         正在创建“Debug\GSMWin.unsuccessfulbuild”，因为已指定“AlwaysCreate”。
       ClCompile:
         E:\Program Files (x86)\Microsoft Visual Studio 11.0\VC\bin\CL.exe /c /ZI /nologo /W3 /WX- /sdl /Od /Oy- /D WIN32 /D _DEBUG /D _WINDOWS /D _CRT_SECURE_NO_WARNINGS /Gm /EHsc /RTC1 /MDd /GS /fp:precise /Zc:wchar_t /Zc:forScope /Fo"Debug\\" /Fd"Debug\vc110.pdb" /Gd /TC /analyze- /errorReport:prompt System.c
         System.c
       Link:
         E:\Program Files (x86)\Microsoft Visual Studio 11.0\VC\bin\link.exe /ERRORREPORT:PROMPT /OUT:"E:\GSMWin\Debug\GSMWin.exe" /INCREMENTAL /NOLOGO kernel32.lib user32.lib gdi32.lib winspool.lib comdlg32.lib advapi32.lib shell32.lib ole32.lib oleaut32.lib uuid.lib odbc32.lib odbccp32.lib /MANIFEST /MANIFESTUAC:"level='asInvoker' uiAccess='false'" /manifest:embed /DEBUG /PDB:"E:\GSMWin\Debug\GSMWin.pdb" /SUBSYSTEM:WINDOWS /TLBID:1 /DYNAMICBASE /NXCOMPAT /IMPLIB:"E:\GSMWin\Debug\GSMWin.lib" /MACHINE:X86 Debug\GameStateManager.obj
         Debug\Input.obj
         Debug\Level1.obj
         Debug\Level2.obj
         Debug\main.obj
         Debug\System.obj
         GSMWin.vcxproj -> E:\GSMWin\Debug\GSMWin.exe
       FinalizeBuildStatus:
         正在删除文件“Debug\GSMWin.unsuccessfulbuild”。
         正在对“Debug\GSMWin.lastbuildstate”执行 Touch 任务。
     1>已完成生成项目“E:\GSMWin\GSMWin\GSMWin.vcxproj”(Build 个目标)的操作。

生成成功。

已用时间 00:00:00.70
