Build started 2015/11/7 19:41:29.
     1>Project "C:\FruitBurglar\GSMWinStep\GSMWinStep\GSMWinStep\GSMWinStep.vcxproj" on node 2 (Build target(s)).
     1>ClCompile:
         C:\Program Files (x86)\Microsoft Visual Studio 12.0\VC\bin\CL.exe /c /ZI /nologo /W3 /WX- /sdl /Od /Oy- /D WIN32 /D _DEBUG /D _WINDOWS /D _UNICODE /D UNICODE /Gm /EHsc /RTC1 /MDd /GS /fp:precise /Zc:wchar_t /Zc:forScope /Fo"Debug\\" /Fd"Debug\vc120.pdb" /Gd /TC /analyze- /errorReport:prompt "..\..\..\..\游戏c文件\GSMPre\GSMPre\GSMPre\GameStateManager.c" "..\..\..\..\游戏c文件\GSMPre\GSMPre\GSMPre\Input.c" "..\..\..\..\游戏c文件\GSMPre\GSMPre\GSMPre\Level1.c" "..\..\..\..\游戏c文件\GSMPre\GSMPre\GSMPre\Level2.c" "..\..\..\..\游戏c文件\GSMPre\GSMPre\GSMPre\System.c" main.c
         main.c
     1>c:\fruitburglar\gsmwinstep\gsmwinstep\gsmwinstep\main.c(11): fatal error C1083: Cannot open include file: 'System.h': No such file or directory
         System.c
     1>c:\游戏c文件\gsmpre\gsmpre\gsmpre\system.c(9): fatal error C1083: Cannot open include file: 'AEEngine.h': No such file or directory
         Level2.c
     1>c:\游戏c文件\gsmpre\gsmpre\gsmpre\level2.c(46): error C4996: 'fopen': This function or variable may be unsafe. Consider using fopen_s instead. To disable deprecation, use _CRT_SECURE_NO_WARNINGS. See online help for details.
                 c:\program files (x86)\microsoft visual studio 12.0\vc\include\stdio.h(211) : see declaration of 'fopen'
         Level1.c
     1>c:\游戏c文件\gsmpre\gsmpre\gsmpre\level1.c(45): error C4996: 'fopen': This function or variable may be unsafe. Consider using fopen_s instead. To disable deprecation, use _CRT_SECURE_NO_WARNINGS. See online help for details.
                 c:\program files (x86)\microsoft visual studio 12.0\vc\include\stdio.h(211) : see declaration of 'fopen'
         Input.c
         GameStateManager.c
         Generating Code...
     1>Done Building Project "C:\FruitBurglar\GSMWinStep\GSMWinStep\GSMWinStep\GSMWinStep.vcxproj" (Build target(s)) -- FAILED.

Build FAILED.

Time Elapsed 00:00:02.14
